<?xml version="1.0" encoding="UTF-8"?>
<!-- Generated by org.testng.reporters.JUnitXMLReporter -->
<testsuite hostname="Алекс-ПК" name="Default test" tests="6" failures="0" timestamp="30 Sep 2017 07:27:34 GMT" time="8.762" errors="0">
  <testcase name="listNewsTestHomepage" time="0.941" classname="by.htp.news.service.impl.TestService"/>
  <testcase name="listNewsTestHomepage" time="0.941" classname="by.htp.news.service.impl.TestService"/>
  <testcase name="viewPageTest" time="0.46" classname="by.htp.news.service.impl.TestService"/>
  <testcase name="viewPageTest" time="0.46" classname="by.htp.news.service.impl.TestService"/>
  <testcase name="addNewsTest" time="0.431" classname="by.htp.news.service.impl.TestService"/>
  <testcase name="addNewsTest" time="0.431" classname="by.htp.news.service.impl.TestService"/>
</testsuite> <!-- Default test -->
